ja.site_settings.min_ban_entries_for_roll_up
ja.site_settings.max_age_unmatched_emails
ja.site_settings.max_age_unmatched_ips
ja.site_settings.enable_user_directory
ja.site_settings.allow_anonymous_posting
ja.site_settings.anonymous_posting_min_trust_level
ja.site_settings.anonymous_account_duration_minutes
ja.site_settings.disable_edit_notifications
ja.site_settings.full_name_required
ja.site_settings.embed_post_limit
ja.site_settings.delete_drafts_older_than_n_days
ja.site_settings.slug_generation_method
ja.site_settings.approve_post_count
ja.site_settings.approve_unless_trust_level
ja.notification_types.private_message
ja.notification_types.invited_to_private_message
ja.notification_types.invited_to_topic
ja.login.suspended_with_reason
ja.user.ip_address.blocked
ja.user.ip_address.max_new_accounts_per_registration_ip
ja.invite_password_instructions.text_body_template
ja.test_mailer.text_body_template
ja.new_version_mailer.text_body_template
ja.new_version_mailer_with_notes.text_body_template
ja.system_messages.post_hidden.text_body_template
ja.system_messages.usage_tips.text_body_template
ja.system_messages.welcome_user.text_body_template
ja.system_messages.welcome_invite.text_body_template
ja.system_messages.email_reject_trust_level.subject_template
ja.system_messages.email_reject_no_account.subject_template
ja.system_messages.email_reject_empty.subject_template
ja.system_messages.email_reject_empty.text_body_template
ja.system_messages.email_reject_parsing.subject_template
ja.system_messages.email_reject_parsing.text_body_template
ja.system_messages.email_reject_invalid_access.subject_template
ja.system_messages.email_reject_invalid_access.text_body_template
ja.system_messages.email_reject_post_error.subject_template
ja.system_messages.email_reject_post_error_specified.subject_template
ja.system_messages.email_reject_reply_key.subject_template
ja.system_messages.email_reject_destination.subject_template
ja.system_messages.email_reject_topic_not_found.subject_template
ja.system_messages.email_reject_topic_not_found.text_body_template
ja.system_messages.email_reject_topic_closed.subject_template
ja.system_messages.email_reject_topic_closed.text_body_template
ja.system_messages.email_reject_auto_generated.subject_template
ja.system_messages.email_reject_auto_generated.text_body_template
ja.system_messages.email_error_notification.subject_template
ja.user_notifications.user_invited_to_private_message_pm.subject_template
ja.user_notifications.user_invited_to_private_message_pm.text_body_template
ja.user_notifications.user_invited_to_topic.subject_template
ja.user_notifications.user_invited_to_topic.text_body_template
ja.user_notifications.digest.subject_template
ja.user_notifications.set_password.text_body_template
ja.user_notifications.admin_login.subject_template
ja.user_notifications.admin_login.text_body_template
ja.user_notifications.signup_after_approval.text_body_template
ja.email_log.anonymous_user
ja.email_log.suspended_not_pm
ja.email_log.user_suspended
ja.email_log.text_part_body_blank
ja.email_log.body_blank
ja.guidelines_topic.body
ja.tos_topic.body
ja.privacy_topic.body
ja.static.search_help
ja.badges.long_descriptions.autobiographer
ja.badges.long_descriptions.first_like
ja.badges.long_descriptions.first_link
ja.badges.long_descriptions.first_quote
ja.badges.long_descriptions.first_share
ja.badges.long_descriptions.read_guidelines
ja.badges.long_descriptions.reader
ja.badges.long_descriptions.editor
ja.badges.long_descriptions.first_flag
ja.badges.long_descriptions.nice_share
ja.badges.long_descriptions.welcome
ja.badges.long_descriptions.anniversary
ja.badges.long_descriptions.good_share
ja.badges.long_descriptions.great_share
ja.badges.long_descriptions.nice_post
ja.badges.long_descriptions.nice_topic
ja.badges.long_descriptions.good_post
ja.badges.long_descriptions.good_topic
ja.badges.long_descriptions.great_post
ja.badges.long_descriptions.great_topic
ja.badges.long_descriptions.basic
ja.badges.long_descriptions.member
ja.badges.long_descriptions.regular
ja.badges.long_descriptions.leader
ja.admin_login.success
ja.discourse_hub.access_token_problem
ja.js.queue.delete_prompt
ja.js.queue.approval.pending_posts.one
ja.js.queue.approval.pending_posts.other
ja.js.user.dynamic_favicon
ja.js.user.staff_counters.suspensions
ja.js.user.change_about.error
ja.js.user.change_avatar.gravatar
ja.js.user.change_avatar.gravatar_title
ja.js.user.avatar.header_title
ja.js.read_only_mode.enabled
ja.js.too_few_topics_notice
ja.js.composer.error.try_like
ja.js.composer.auto_close.all.units
ja.js.notifications.popup.quoted
ja.js.notifications.popup.replied
ja.js.notifications.popup.private_message
ja.js.notifications.popup.linked
ja.js.topic.read_more_MF
ja.js.topic.progress.jump_bottom
ja.js.topic.feature.pin_globally
ja.js.topic.feature.make_banner
ja.js.topic.feature.remove_banner
ja.js.topic.invite_reply.sso_enabled
ja.js.topic.invite_reply.to_topic_blank
ja.js.topic.invite_reply.to_topic_email
ja.js.topic.invite_reply.to_topic_username
ja.js.topic.invite_reply.to_username
ja.js.topic.invite_reply.success_email
ja.js.topic.invite_reply.success_username
ja.js.topic.invite_reply.error
ja.js.post.reply
ja.js.post.edit
ja.js.post.gap.one
ja.js.post.gap.other
ja.js.post.actions.people.notify_user
ja.js.post.actions.people.notify_user_with_url
ja.js.post.actions.by_others.notify_user.one
ja.js.post.actions.by_others.notify_user.other
ja.js.post.revisions.controls.comparing_previous_to_current_out_of_total
ja.js.category.notifications.title
ja.js.category.notifications.reasons
ja.js.topic_map.participants_title
ja.js.topic_map.links_title
ja.js.filters.search.help
ja.admin_js.admin.flags.agree_flag_hide_post_title
ja.admin_js.admin.groups.default_title
ja.admin_js.admin.groups.primary_group
ja.admin_js.admin.backups.upload.title
ja.admin_js.admin.export_csv.success
ja.admin_js.admin.impersonate.not_found
ja.admin_js.admin.impersonate.invalid
ja.admin_js.keyboard_shortcuts_help.jump_to.home
ja.admin_js.keyboard_shortcuts_help.jump_to.bookmarks
ja.stringex.characters.ellipsis
ja.stringex.characters.number
ja.i18n.transliterate.rule.?
ja.i18n.transliterate.rule.?
ja.i18n.transliterate.rule.?
ja.i18n.transliterate.rule.?
